<?xml version="1.0" encoding="UTF-8"?>
<!-- Generated by org.testng.reporters.JUnitXMLReporter -->
<testsuite ignored="0" hostname="DESKTOP-46A0MSC" failures="0" tests="4" name="Default test" time="67.836" errors="0" timestamp="05 Apr 2022 16:38:15 GMT">
  <testcase classname="DEC.TestNGwithAnnotation" name="ForWork" time="35.0"/>
  <testcase classname="DEC.TestNGwithAnnotation" name="CreateAccount" time="6.81"/>
  <testcase classname="DEC.TestNGwithAnnotation" name="MyPractice1" time="0.002"/>
  <testcase classname="DEC.TestNGwithAnnotation" name="Mypractice2" time="0.002"/>
</testsuite> <!-- Default test -->
